<?xml version="1.0" encoding="utf-8"?><testsuites name="pytest tests"><testsuite name="pytest" errors="0" failures="0" skipped="0" tests="15" time="2.956" timestamp="2026-03-31T08:55:45.239502+00:00" hostname="agent-env-457768ac-35c2-4834-9627-f129e5ccda3e"><testcase classname="backend.tests.test_round2_features.TestDuplicateProject" name="test_duplicate_project_creates_copy" time="0.390" /><testcase classname="backend.tests.test_round2_features.TestDuplicateProject" name="test_duplicate_resets_share_token_and_dubbed_paths" time="0.320" /><testcase classname="backend.tests.test_round2_features.TestDuplicateProject" name="test_duplicate_updates_status_correctly" time="0.177" /><testcase classname="backend.tests.test_round2_features.TestDuplicateProject" name="test_duplicate_nonexistent_project_returns_404" time="0.055" /><testcase classname="backend.tests.test_round2_features.TestMergeSegments" name="test_merge_two_segments" time="0.219" /><testcase classname="backend.tests.test_round2_features.TestMergeSegments" name="test_merge_three_segments" time="0.228" /><testcase classname="backend.tests.test_round2_features.TestMergeSegments" name="test_merge_invalid_segment_ids_returns_400" time="0.043" /><testcase classname="backend.tests.test_round2_features.TestMergeSegments" name="test_merge_less_than_two_segments_returns_400" time="0.168" /><testcase classname="backend.tests.test_round2_features.TestSplitSegment" name="test_split_segment_at_midpoint" time="0.225" /><testcase classname="backend.tests.test_round2_features.TestSplitSegment" name="test_split_invalid_segment_id_returns_400" time="0.129" /><testcase classname="backend.tests.test_round2_features.TestRenameProject" name="test_patch_project_title" time="0.192" /><testcase classname="backend.tests.test_round2_features.TestRenameProject" name="test_patch_updates_updated_at" time="0.271" /><testcase classname="backend.tests.test_round2_features.TestAuthRequired" name="test_duplicate_requires_auth" time="0.136" /><testcase classname="backend.tests.test_round2_features.TestAuthRequired" name="test_merge_requires_auth" time="0.132" /><testcase classname="backend.tests.test_round2_features.TestAuthRequired" name="test_split_requires_auth" time="0.178" /></testsuite></testsuites>