<?xml version="1.0" encoding="utf-8"?><testsuites name="pytest tests"><testsuite name="pytest" errors="0" failures="0" skipped="0" tests="11" time="5.869" timestamp="2026-03-31T12:00:23.885221+00:00" hostname="agent-env-457768ac-35c2-4834-9627-f129e5ccda3e"><testcase classname="backend.tests.test_progress_features.TestQueueStatusEndpoint" name="test_queue_status_returns_200" time="0.303" /><testcase classname="backend.tests.test_progress_features.TestQueueStatusEndpoint" name="test_queue_status_has_required_fields" time="0.099" /><testcase classname="backend.tests.test_progress_features.TestQueueStatusEndpoint" name="test_queue_status_returns_zero_when_idle" time="0.105" /><testcase classname="backend.tests.test_progress_features.TestQueueStatusEndpoint" name="test_queue_status_elapsed_and_eta_are_numbers" time="0.107" /><testcase classname="backend.tests.test_progress_features.TestQueueStatusEndpoint" name="test_queue_status_requires_auth" time="0.308" /><testcase classname="backend.tests.test_progress_features.TestQueueStatusEndpoint" name="test_queue_status_404_for_invalid_project" time="0.247" /><testcase classname="backend.tests.test_progress_features.TestLanguagesEndpointRemoved" name="test_languages_endpoint_returns_404_or_405" time="0.182" /><testcase classname="backend.tests.test_progress_features.TestLanguagesEndpointRemoved" name="test_languages_endpoint_with_auth_still_404" time="0.143" /><testcase classname="backend.tests.test_progress_features.TestTranslateSegmentsWithTargetLanguage" name="test_translate_segments_accepts_target_language_param" time="2.575" /><testcase classname="backend.tests.test_progress_features.TestTranslateSegmentsWithTargetLanguage" name="test_translate_segments_defaults_to_km" time="1.364" /><testcase classname="backend.tests.test_progress_features.TestProgressFieldsDataTypes" name="test_queue_status_response_structure" time="0.363" /></testsuite></testsuites>