<?xml version="1.0" encoding="utf-8"?><testsuites name="pytest tests"><testsuite name="pytest" errors="0" failures="0" skipped="0" tests="14" time="2.732" timestamp="2026-04-01T06:24:08.025404+00:00" hostname="agent-env-457768ac-35c2-4834-9627-f129e5ccda3e"><testcase classname="backend.tests.test_gcloud_tts_voice_picker.TestGoogleCloudTTSEndpoints" name="test_gcloud_voices_with_language_filter" time="0.381" /><testcase classname="backend.tests.test_gcloud_tts_voice_picker.TestGoogleCloudTTSEndpoints" name="test_gcloud_voices_without_filter_returns_many" time="0.183" /><testcase classname="backend.tests.test_gcloud_tts_voice_picker.TestGoogleCloudTTSEndpoints" name="test_gcloud_tts_preview_returns_audio" time="0.218" /><testcase classname="backend.tests.test_gcloud_tts_voice_picker.TestGoogleCloudTTSEndpoints" name="test_gcloud_tts_preview_with_different_voice" time="0.320" /><testcase classname="backend.tests.test_gcloud_tts_voice_picker.TestProjectCRUDStillWorks" name="test_create_project" time="0.102" /><testcase classname="backend.tests.test_gcloud_tts_voice_picker.TestProjectCRUDStillWorks" name="test_get_project" time="0.099" /><testcase classname="backend.tests.test_gcloud_tts_voice_picker.TestProjectCRUDStillWorks" name="test_update_project_with_gcloud_actor" time="0.139" /><testcase classname="backend.tests.test_gcloud_tts_voice_picker.TestProjectCRUDStillWorks" name="test_delete_project" time="0.202" /><testcase classname="backend.tests.test_gcloud_tts_voice_picker.TestVoiceFilteringByLanguage" name="test_gcloud_voices_thai" time="0.102" /><testcase classname="backend.tests.test_gcloud_tts_voice_picker.TestVoiceFilteringByLanguage" name="test_gcloud_voices_khmer" time="0.102" /><testcase classname="backend.tests.test_gcloud_tts_voice_picker.TestVoiceFilteringByLanguage" name="test_gcloud_voices_chinese" time="0.093" /><testcase classname="backend.tests.test_gcloud_tts_voice_picker.TestEdgeCases" name="test_gcloud_tts_preview_invalid_voice" time="0.187" /><testcase classname="backend.tests.test_gcloud_tts_voice_picker.TestEdgeCases" name="test_gcloud_tts_preview_empty_text" time="0.204" /><testcase classname="backend.tests.test_gcloud_tts_voice_picker.TestCaching" name="test_gcloud_voices_caching" time="0.318" /></testsuite></testsuites>